c:\users\ian\documents\github\shadhorimn\shadhorimn\shadhorimn\release\vc140.pdb
c:\users\ian\documents\github\shadhorimn\shadhorimn\shadhorimn\release\world.obj
c:\users\ian\documents\github\shadhorimn\shadhorimn\shadhorimn\release\spriteanimation.obj
c:\users\ian\documents\github\shadhorimn\shadhorimn\shadhorimn\release\settings.obj
c:\users\ian\documents\github\shadhorimn\shadhorimn\shadhorimn\release\rigidbody.obj
c:\users\ian\documents\github\shadhorimn\shadhorimn\shadhorimn\release\projectile.obj
c:\users\ian\documents\github\shadhorimn\shadhorimn\shadhorimn\release\playercharacter.obj
c:\users\ian\documents\github\shadhorimn\shadhorimn\shadhorimn\release\platform.obj
c:\users\ian\documents\github\shadhorimn\shadhorimn\shadhorimn\release\main.obj
c:\users\ian\documents\github\shadhorimn\shadhorimn\shadhorimn\release\inputhandler.obj
c:\users\ian\documents\github\shadhorimn\shadhorimn\shadhorimn\release\gunner.obj
c:\users\ian\documents\github\shadhorimn\shadhorimn\shadhorimn\release\grunt.obj
c:\users\ian\documents\github\shadhorimn\shadhorimn\shadhorimn\release\endofthegame.obj
c:\users\ian\documents\github\shadhorimn\shadhorimn\shadhorimn\release\drone.obj
c:\users\ian\documents\github\shadhorimn\shadhorimn\shadhorimn\release\creature.obj
c:\users\ian\documents\github\shadhorimn\shadhorimn\shadhorimn\release\checkpoint.obj
c:\users\ian\documents\github\shadhorimn\shadhorimn\shadhorimn\release\charger.obj
c:\users\ian\documents\github\shadhorimn\shadhorimn\shadhorimn\release\camera.obj
c:\users\ian\documents\github\shadhorimn\shadhorimn\shadhorimn\release\assetmanager.obj
c:\users\ian\documents\github\shadhorimn\shadhorimn\release\shadhorimn.exe
c:\users\ian\documents\github\shadhorimn\shadhorimn\release\shadhorimn.ipdb
c:\users\ian\documents\github\shadhorimn\shadhorimn\release\shadhorimn.iobj
c:\users\ian\documents\github\shadhorimn\shadhorimn\release\shadhorimn.pdb
c:\users\ian\documents\github\shadhorimn\shadhorimn\shadhorimn\release\shadhorimn.tlog\cl.command.1.tlog
c:\users\ian\documents\github\shadhorimn\shadhorimn\shadhorimn\release\shadhorimn.tlog\cl.read.1.tlog
c:\users\ian\documents\github\shadhorimn\shadhorimn\shadhorimn\release\shadhorimn.tlog\cl.write.1.tlog
c:\users\ian\documents\github\shadhorimn\shadhorimn\shadhorimn\release\shadhorimn.tlog\link.command.1.tlog
c:\users\ian\documents\github\shadhorimn\shadhorimn\shadhorimn\release\shadhorimn.tlog\link.read.1.tlog
c:\users\ian\documents\github\shadhorimn\shadhorimn\shadhorimn\release\shadhorimn.tlog\link.write.1.tlog
