c:\users\ian\documents\github\gameandplatformerlibrary\shadhorimn\shadhorimn\debug\vc140.pdb
c:\users\ian\documents\github\gameandplatformerlibrary\shadhorimn\shadhorimn\debug\vc140.idb
c:\users\ian\documents\github\gameandplatformerlibrary\shadhorimn\shadhorimn\debug\charger.obj
c:\users\ian\documents\github\gameandplatformerlibrary\shadhorimn\shadhorimn\debug\creature.obj
c:\users\ian\documents\github\gameandplatformerlibrary\shadhorimn\shadhorimn\debug\drone.obj
c:\users\ian\documents\github\gameandplatformerlibrary\shadhorimn\shadhorimn\debug\grunt.obj
c:\users\ian\documents\github\gameandplatformerlibrary\shadhorimn\shadhorimn\debug\gunner.obj
c:\users\ian\documents\github\gameandplatformerlibrary\shadhorimn\shadhorimn\debug\main.obj
c:\users\ian\documents\github\gameandplatformerlibrary\shadhorimn\shadhorimn\debug\playercharacter.obj
c:\users\ian\documents\github\gameandplatformerlibrary\shadhorimn\shadhorimn\debug\projectile.obj
c:\users\ian\documents\github\gameandplatformerlibrary\shadhorimn\shadhorimn\debug\world.obj
c:\users\ian\documents\github\gameandplatformerlibrary\shadhorimn\debug\shadhorimn.ilk
c:\users\ian\documents\github\gameandplatformerlibrary\shadhorimn\debug\shadhorimn.exe
c:\users\ian\documents\github\gameandplatformerlibrary\shadhorimn\debug\shadhorimn.pdb
c:\users\ian\documents\github\gameandplatformerlibrary\shadhorimn\shadhorimn\debug\shadhorimn.tlog\cl.command.1.tlog
c:\users\ian\documents\github\gameandplatformerlibrary\shadhorimn\shadhorimn\debug\shadhorimn.tlog\cl.read.1.tlog
c:\users\ian\documents\github\gameandplatformerlibrary\shadhorimn\shadhorimn\debug\shadhorimn.tlog\cl.write.1.tlog
c:\users\ian\documents\github\gameandplatformerlibrary\shadhorimn\shadhorimn\debug\shadhorimn.tlog\link.command.1.tlog
c:\users\ian\documents\github\gameandplatformerlibrary\shadhorimn\shadhorimn\debug\shadhorimn.tlog\link.read.1.tlog
c:\users\ian\documents\github\gameandplatformerlibrary\shadhorimn\shadhorimn\debug\shadhorimn.tlog\link.write.1.tlog
